# JRE version: OpenJDK Runtime Environment (17.0.6) (build 17.0.6+0-b2043.56-10027231)
# Java VM: OpenJDK 64-Bit Server VM (17.0.6+0-b2043.56-10027231, mixed mode, tiered, compressed oops, compressed class ptrs, g1 gc, windows-amd64)
GC Precious Log:
 CPUs: 4 total, 4 available
 Memory: 8026M
 Large Page Support: Disabled
 NUMA Support: Disabled
 Compressed Oops: Enabled (Zero based)
 Heap Region Size: 2M
 Heap Min Capacity: 8M
 Heap Initial Capacity: 126M
 Heap Max Capacity: 3G
 Pre-touch: Disabled
 Parallel Workers: 4
 Concurrent Workers: 1
 Concurrent Refinement Workers: 4
 Periodic GC: Disabled
Heap:
 garbage-first heap   total 831488K, used 798126K [0x0000000740000000, 0x0000000800000000)
  region size 2048K, 3 young (6144K), 3 survivors (6144K)
 Metaspace       used 244786K, committed 246912K, reserved 1269760K
  class space    used 30770K, committed 31872K, reserved 1048576K
GC Heap History (20 events):
Event: 838.916 GC heap after
{Heap after GC invocations=117 (full 0):
 garbage-first heap   total 827392K, used 594908K [0x0000000740000000, 0x0000000800000000)
  region size 2048K, 6 young (12288K), 6 survivors (12288K)
 Metaspace       used 239033K, committed 241152K, reserved 1261568K
  class space    used 30296K, committed 31360K, reserved 1048576K
}
Event: 840.914 GC heap before
{Heap before GC invocations=117 (full 0):
 garbage-first heap   total 827392K, used 713692K [0x0000000740000000, 0x0000000800000000)
  region size 2048K, 57 young (116736K), 6 survivors (12288K)
 Metaspace       used 239146K, committed 241280K, reserved 1261568K
  class space    used 30297K, committed 31360K, reserved 1048576K
}
Event: 840.943 GC heap after
{Heap after GC invocations=118 (full 0):
 garbage-first heap   total 827392K, used 610517K [0x0000000740000000, 0x0000000800000000)
  region size 2048K, 8 young (16384K), 8 survivors (16384K)
 Metaspace       used 239146K, committed 241280K, reserved 1261568K
  class space    used 30297K, committed 31360K, reserved 1048576K
}
Event: 849.006 GC heap before
{Heap before GC invocations=118 (full 0):
 garbage-first heap   total 827392K, used 700629K [0x0000000740000000, 0x0000000800000000)
  region size 2048K, 53 young (108544K), 8 survivors (16384K)
 Metaspace       used 239472K, committed 241664K, reserved 1261568K
  class space    used 30309K, committed 31424K, reserved 1048576K
}
Event: 849.043 GC heap after
{Heap after GC invocations=119 (full 0):
 garbage-first heap   total 827392K, used 611727K [0x0000000740000000, 0x0000000800000000)
  region size 2048K, 1 young (2048K), 1 survivors (2048K)
 Metaspace       used 239472K, committed 241664K, reserved 1261568K
  class space    used 30309K, committed 31424K, reserved 1048576K
}
Event: 1097.494 GC heap before
{Heap before GC invocations=119 (full 0):
 garbage-first heap   total 827392K, used 707983K [0x0000000740000000, 0x0000000800000000)
  region size 2048K, 49 young (100352K), 1 survivors (2048K)
 Metaspace       used 239642K, committed 241792K, reserved 1261568K
  class space    used 30316K, committed 31424K, reserved 1048576K
}
Event: 1097.516 GC heap after
{Heap after GC invocations=120 (full 0):
 garbage-first heap   total 827392K, used 614631K [0x0000000740000000, 0x0000000800000000)
  region size 2048K, 3 young (6144K), 3 survivors (6144K)
 Metaspace       used 239642K, committed 241792K, reserved 1261568K
  class space    used 30316K, committed 31424K, reserved 1048576K
}
Event: 1111.897 GC heap before
{Heap before GC invocations=120 (full 0):
 garbage-first heap   total 827392K, used 712935K [0x0000000740000000, 0x0000000800000000)
  region size 2048K, 51 young (104448K), 3 survivors (6144K)
 Metaspace       used 242904K, committed 245056K, reserved 1269760K
  class space    used 30587K, committed 31680K, reserved 1048576K
}
Event: 1111.966 GC heap after
{Heap after GC invocations=121 (full 0):
 garbage-first heap   total 827392K, used 640534K [0x0000000740000000, 0x0000000800000000)
  region size 2048K, 7 young (14336K), 7 survivors (14336K)
 Metaspace       used 242904K, committed 245056K, reserved 1269760K
  class space    used 30587K, committed 31680K, reserved 1048576K
}
Event: 1112.599 GC heap before
{Heap before GC invocations=121 (full 0):
 garbage-first heap   total 827392K, used 704022K [0x0000000740000000, 0x0000000800000000)
  region size 2048K, 39 young (79872K), 7 survivors (14336K)
 Metaspace       used 244321K, committed 246464K, reserved 1269760K
  class space    used 30736K, committed 31808K, reserved 1048576K
}
Event: 1112.804 GC heap after
{Heap after GC invocations=122 (full 0):
 garbage-first heap   total 827392K, used 693202K [0x0000000740000000, 0x0000000800000000)
  region size 2048K, 5 young (10240K), 5 survivors (10240K)
 Metaspace       used 244321K, committed 246464K, reserved 1269760K
  class space    used 30736K, committed 31808K, reserved 1048576K
}
Event: 1113.028 GC heap before
{Heap before GC invocations=122 (full 0):
 garbage-first heap   total 827392K, used 723922K [0x0000000740000000, 0x0000000800000000)
  region size 2048K, 20 young (40960K), 5 survivors (10240K)
 Metaspace       used 244321K, committed 246464K, reserved 1269760K
  class space    used 30736K, committed 31808K, reserved 1048576K
}
Event: 1113.185 GC heap after
{Heap after GC invocations=123 (full 0):
 garbage-first heap   total 827392K, used 724903K [0x0000000740000000, 0x0000000800000000)
  region size 2048K, 3 young (6144K), 3 survivors (6144K)
 Metaspace       used 244321K, committed 246464K, reserved 1269760K
  class space    used 30736K, committed 31808K, reserved 1048576K
}
Event: 1114.519 GC heap before
{Heap before GC invocations=123 (full 0):
 garbage-first heap   total 827392K, used 759719K [0x0000000740000000, 0x0000000800000000)
  region size 2048K, 20 young (40960K), 3 survivors (6144K)
 Metaspace       used 244387K, committed 246528K, reserved 1269760K
  class space    used 30736K, committed 31808K, reserved 1048576K
}
Event: 1114.569 GC heap after
{Heap after GC invocations=124 (full 0):
 garbage-first heap   total 827392K, used 757671K [0x0000000740000000, 0x0000000800000000)
  region size 2048K, 3 young (6144K), 3 survivors (6144K)
 Metaspace       used 244387K, committed 246528K, reserved 1269760K
  class space    used 30736K, committed 31808K, reserved 1048576K
}
Event: 1114.772 GC heap before
{Heap before GC invocations=124 (full 0):
 garbage-first heap   total 827392K, used 788391K [0x0000000740000000, 0x0000000800000000)
  region size 2048K, 19 young (38912K), 3 survivors (6144K)
 Metaspace       used 244387K, committed 246528K, reserved 1269760K
  class space    used 30736K, committed 31808K, reserved 1048576K
}
Event: 1114.810 GC heap after
{Heap after GC invocations=125 (full 0):
 garbage-first heap   total 831488K, used 791463K [0x0000000740000000, 0x0000000800000000)
  region size 2048K, 3 young (6144K), 3 survivors (6144K)
 Metaspace       used 244387K, committed 246528K, reserved 1269760K
  class space    used 30736K, committed 31808K, reserved 1048576K
}
Event: 1115.281 GC heap before
{Heap before GC invocations=125 (full 0):
 garbage-first heap   total 831488K, used 803751K [0x0000000740000000, 0x0000000800000000)
  region size 2048K, 10 young (20480K), 3 survivors (6144K)
 Metaspace       used 244749K, committed 246912K, reserved 1269760K
  class space    used 30766K, committed 31872K, reserved 1048576K
}
Event: 1115.312 GC heap after
{Heap after GC invocations=126 (full 0):
 garbage-first heap   total 831488K, used 796491K [0x0000000740000000, 0x0000000800000000)
  region size 2048K, 2 young (4096K), 2 survivors (4096K)
 Metaspace       used 244749K, committed 246912K, reserved 1269760K
  class space    used 30766K, committed 31872K, reserved 1048576K
}
Event: 1115.669 GC heap before
{Heap before GC invocations=126 (full 0):
 garbage-first heap   total 831488K, used 808779K [0x0000000740000000, 0x0000000800000000)
  region size 2048K, 9 young (18432K), 2 survivors (4096K)
 Metaspace       used 244786K, committed 246912K, reserved 1269760K
  class space    used 30770K, committed 31872K, reserved 1048576K
}

