# JRE version: OpenJDK Runtime Environment (17.0.6) (build 17.0.6+0-b2043.56-10027231)
# Java VM: OpenJDK 64-Bit Server VM (17.0.6+0-b2043.56-10027231, mixed mode, tiered, compressed oops, compressed class ptrs, g1 gc, windows-amd64)
GC Precious Log:
 CPUs: 4 total, 4 available
 Memory: 8026M
 Large Page Support: Disabled
 NUMA Support: Disabled
 Compressed Oops: Enabled (Zero based)
 Heap Region Size: 2M
 Heap Min Capacity: 8M
 Heap Initial Capacity: 126M
 Heap Max Capacity: 3G
 Pre-touch: Disabled
 Parallel Workers: 4
 Concurrent Workers: 1
 Concurrent Refinement Workers: 4
 Periodic GC: Disabled
Heap:
 garbage-first heap   total 632832K, used 499603K [0x0000000740000000, 0x0000000800000000)
  region size 2048K, 129 young (264192K), 4 survivors (8192K)
 Metaspace       used 154917K, committed 155776K, reserved 1187840K
  class space    used 20025K, committed 20480K, reserved 1048576K
GC Heap History (20 events):
Event: 28.614 GC heap before
{Heap before GC invocations=44 (full 0):
 garbage-first heap   total 378880K, used 277774K [0x0000000740000000, 0x0000000800000000)
  region size 2048K, 67 young (137216K), 4 survivors (8192K)
 Metaspace       used 109730K, committed 110464K, reserved 1146880K
  class space    used 14408K, committed 14784K, reserved 1048576K
}
Event: 28.631 GC heap after
{Heap after GC invocations=45 (full 0):
 garbage-first heap   total 378880K, used 155266K [0x0000000740000000, 0x0000000800000000)
  region size 2048K, 7 young (14336K), 7 survivors (14336K)
 Metaspace       used 109730K, committed 110464K, reserved 1146880K
  class space    used 14408K, committed 14784K, reserved 1048576K
}
Event: 30.997 GC heap before
{Heap before GC invocations=45 (full 0):
 garbage-first heap   total 378880K, used 300674K [0x0000000740000000, 0x0000000800000000)
  region size 2048K, 79 young (161792K), 7 survivors (14336K)
 Metaspace       used 129328K, committed 130112K, reserved 1163264K
  class space    used 16776K, committed 17152K, reserved 1048576K
}
Event: 31.026 GC heap after
{Heap after GC invocations=46 (full 0):
 garbage-first heap   total 378880K, used 162577K [0x0000000740000000, 0x0000000800000000)
  region size 2048K, 9 young (18432K), 9 survivors (18432K)
 Metaspace       used 129328K, committed 130112K, reserved 1163264K
  class space    used 16776K, committed 17152K, reserved 1048576K
}
Event: 32.865 GC heap before
{Heap before GC invocations=46 (full 0):
 garbage-first heap   total 378880K, used 307985K [0x0000000740000000, 0x0000000800000000)
  region size 2048K, 80 young (163840K), 9 survivors (18432K)
 Metaspace       used 135422K, committed 136320K, reserved 1171456K
  class space    used 17545K, committed 17984K, reserved 1048576K
}
Event: 32.909 GC heap after
{Heap after GC invocations=47 (full 0):
 garbage-first heap   total 378880K, used 175971K [0x0000000740000000, 0x0000000800000000)
  region size 2048K, 10 young (20480K), 10 survivors (20480K)
 Metaspace       used 135422K, committed 136320K, reserved 1171456K
  class space    used 17545K, committed 17984K, reserved 1048576K
}
Event: 34.074 GC heap before
{Heap before GC invocations=47 (full 0):
 garbage-first heap   total 378880K, used 270179K [0x0000000740000000, 0x0000000800000000)
  region size 2048K, 57 young (116736K), 10 survivors (20480K)
 Metaspace       used 137412K, committed 138240K, reserved 1171456K
  class space    used 17680K, committed 18112K, reserved 1048576K
}
Event: 34.180 GC heap after
{Heap after GC invocations=48 (full 0):
 garbage-first heap   total 378880K, used 188677K [0x0000000740000000, 0x0000000800000000)
  region size 2048K, 6 young (12288K), 6 survivors (12288K)
 Metaspace       used 137412K, committed 138240K, reserved 1171456K
  class space    used 17680K, committed 18112K, reserved 1048576K
}
Event: 37.809 GC heap before
{Heap before GC invocations=49 (full 0):
 garbage-first heap   total 378880K, used 303365K [0x0000000740000000, 0x0000000800000000)
  region size 2048K, 62 young (126976K), 6 survivors (12288K)
 Metaspace       used 146937K, committed 147712K, reserved 1179648K
  class space    used 19008K, committed 19392K, reserved 1048576K
}
Event: 37.842 GC heap after
{Heap after GC invocations=50 (full 0):
 garbage-first heap   total 378880K, used 195674K [0x0000000740000000, 0x0000000800000000)
  region size 2048K, 4 young (8192K), 4 survivors (8192K)
 Metaspace       used 146937K, committed 147712K, reserved 1179648K
  class space    used 19008K, committed 19392K, reserved 1048576K
}
Event: 38.097 GC heap before
{Heap before GC invocations=50 (full 0):
 garbage-first heap   total 378880K, used 205914K [0x0000000740000000, 0x0000000800000000)
  region size 2048K, 9 young (18432K), 4 survivors (8192K)
 Metaspace       used 147768K, committed 148608K, reserved 1179648K
  class space    used 19132K, committed 19584K, reserved 1048576K
}
Event: 38.130 GC heap after
{Heap after GC invocations=51 (full 0):
 garbage-first heap   total 378880K, used 195071K [0x0000000740000000, 0x0000000800000000)
  region size 2048K, 1 young (2048K), 1 survivors (2048K)
 Metaspace       used 147768K, committed 148608K, reserved 1179648K
  class space    used 19132K, committed 19584K, reserved 1048576K
}
Event: 40.332 GC heap before
{Heap before GC invocations=51 (full 0):
 garbage-first heap   total 378880K, used 338431K [0x0000000740000000, 0x0000000800000000)
  region size 2048K, 57 young (116736K), 1 survivors (2048K)
 Metaspace       used 153063K, committed 153984K, reserved 1187840K
  class space    used 19881K, committed 20352K, reserved 1048576K
}
Event: 40.378 GC heap after
{Heap after GC invocations=52 (full 0):
 garbage-first heap   total 378880K, used 247578K [0x0000000740000000, 0x0000000800000000)
  region size 2048K, 8 young (16384K), 8 survivors (16384K)
 Metaspace       used 153063K, committed 153984K, reserved 1187840K
  class space    used 19881K, committed 20352K, reserved 1048576K
}
Event: 42.712 GC heap before
{Heap before GC invocations=53 (full 0):
 garbage-first heap   total 423936K, used 304922K [0x0000000740000000, 0x0000000800000000)
  region size 2048K, 37 young (75776K), 8 survivors (16384K)
 Metaspace       used 153072K, committed 153984K, reserved 1187840K
  class space    used 19879K, committed 20352K, reserved 1048576K
}
Event: 42.793 GC heap after
{Heap after GC invocations=54 (full 0):
 garbage-first heap   total 423936K, used 243006K [0x0000000740000000, 0x0000000800000000)
  region size 2048K, 3 young (6144K), 3 survivors (6144K)
 Metaspace       used 153072K, committed 153984K, reserved 1187840K
  class space    used 19879K, committed 20352K, reserved 1048576K
}
Event: 43.075 GC heap before
{Heap before GC invocations=54 (full 0):
 garbage-first heap   total 423936K, used 255294K [0x0000000740000000, 0x0000000800000000)
  region size 2048K, 10 young (20480K), 3 survivors (6144K)
 Metaspace       used 153072K, committed 153984K, reserved 1187840K
  class space    used 19879K, committed 20352K, reserved 1048576K
}
Event: 43.091 GC heap after
{Heap after GC invocations=55 (full 0):
 garbage-first heap   total 423936K, used 228143K [0x0000000740000000, 0x0000000800000000)
  region size 2048K, 2 young (4096K), 2 survivors (4096K)
 Metaspace       used 153072K, committed 153984K, reserved 1187840K
  class space    used 19879K, committed 20352K, reserved 1048576K
}
Event: 45.949 GC heap before
{Heap before GC invocations=55 (full 0):
 garbage-first heap   total 423936K, used 340783K [0x0000000740000000, 0x0000000800000000)
  region size 2048K, 57 young (116736K), 2 survivors (4096K)
 Metaspace       used 153074K, committed 153984K, reserved 1187840K
  class space    used 19879K, committed 20352K, reserved 1048576K
}
Event: 45.960 GC heap after
{Heap after GC invocations=56 (full 0):
 garbage-first heap   total 632832K, used 231315K [0x0000000740000000, 0x0000000800000000)
  region size 2048K, 4 young (8192K), 4 survivors (8192K)
 Metaspace       used 153074K, committed 153984K, reserved 1187840K
  class space    used 19879K, committed 20352K, reserved 1048576K
}

