# JRE version: OpenJDK Runtime Environment (17.0.6) (build 17.0.6+0-b2043.56-10027231)
# Java VM: OpenJDK 64-Bit Server VM (17.0.6+0-b2043.56-10027231, mixed mode, tiered, compressed oops, compressed class ptrs, g1 gc, windows-amd64)
GC Precious Log:
 CPUs: 4 total, 4 available
 Memory: 8026M
 Large Page Support: Disabled
 NUMA Support: Disabled
 Compressed Oops: Enabled (Zero based)
 Heap Region Size: 2M
 Heap Min Capacity: 8M
 Heap Initial Capacity: 126M
 Heap Max Capacity: 3G
 Pre-touch: Disabled
 Parallel Workers: 4
 Concurrent Workers: 1
 Concurrent Refinement Workers: 4
 Periodic GC: Disabled
Heap:
 garbage-first heap   total 475136K, used 370557K [0x0000000740000000, 0x0000000800000000)
  region size 2048K, 3 young (6144K), 3 survivors (6144K)
 Metaspace       used 150596K, committed 152000K, reserved 1187840K
  class space    used 19629K, committed 20352K, reserved 1048576K
GC Heap History (20 events):
Event: 100.870 GC heap after
{Heap after GC invocations=55 (full 0):
 garbage-first heap   total 417792K, used 235389K [0x0000000740000000, 0x0000000800000000)
  region size 2048K, 8 young (16384K), 8 survivors (16384K)
 Metaspace       used 121038K, committed 122176K, reserved 1155072K
  class space    used 16159K, committed 16704K, reserved 1048576K
}
Event: 102.205 GC heap before
{Heap before GC invocations=55 (full 0):
 garbage-first heap   total 417792K, used 337789K [0x0000000740000000, 0x0000000800000000)
  region size 2048K, 59 young (120832K), 8 survivors (16384K)
 Metaspace       used 124692K, committed 125952K, reserved 1163264K
  class space    used 16722K, committed 17344K, reserved 1048576K
}
Event: 102.242 GC heap after
{Heap after GC invocations=56 (full 0):
 garbage-first heap   total 417792K, used 246944K [0x0000000740000000, 0x0000000800000000)
  region size 2048K, 6 young (12288K), 6 survivors (12288K)
 Metaspace       used 124692K, committed 125952K, reserved 1163264K
  class space    used 16722K, committed 17344K, reserved 1048576K
}
Event: 104.868 GC heap before
{Heap before GC invocations=57 (full 0):
 garbage-first heap   total 444416K, used 339104K [0x0000000740000000, 0x0000000800000000)
  region size 2048K, 52 young (106496K), 6 survivors (12288K)
 Metaspace       used 128699K, committed 129984K, reserved 1163264K
  class space    used 17207K, committed 17856K, reserved 1048576K
}
Event: 104.900 GC heap after
{Heap after GC invocations=58 (full 0):
 garbage-first heap   total 444416K, used 252052K [0x0000000740000000, 0x0000000800000000)
  region size 2048K, 4 young (8192K), 4 survivors (8192K)
 Metaspace       used 128699K, committed 129984K, reserved 1163264K
  class space    used 17207K, committed 17856K, reserved 1048576K
}
Event: 105.398 GC heap before
{Heap before GC invocations=58 (full 0):
 garbage-first heap   total 444416K, used 262292K [0x0000000740000000, 0x0000000800000000)
  region size 2048K, 10 young (20480K), 4 survivors (8192K)
 Metaspace       used 128903K, committed 130176K, reserved 1163264K
  class space    used 17233K, committed 17856K, reserved 1048576K
}
Event: 105.423 GC heap after
{Heap after GC invocations=59 (full 0):
 garbage-first heap   total 444416K, used 246173K [0x0000000740000000, 0x0000000800000000)
  region size 2048K, 2 young (4096K), 2 survivors (4096K)
 Metaspace       used 128903K, committed 130176K, reserved 1163264K
  class space    used 17233K, committed 17856K, reserved 1048576K
}
Event: 110.611 GC heap before
{Heap before GC invocations=59 (full 0):
 garbage-first heap   total 444416K, used 360861K [0x0000000740000000, 0x0000000800000000)
  region size 2048K, 59 young (120832K), 2 survivors (4096K)
 Metaspace       used 129683K, committed 130944K, reserved 1163264K
  class space    used 17293K, committed 17920K, reserved 1048576K
}
Event: 110.640 GC heap after
{Heap after GC invocations=60 (full 0):
 garbage-first heap   total 444416K, used 262834K [0x0000000740000000, 0x0000000800000000)
  region size 2048K, 8 young (16384K), 8 survivors (16384K)
 Metaspace       used 129683K, committed 130944K, reserved 1163264K
  class space    used 17293K, committed 17920K, reserved 1048576K
}
Event: 115.421 GC heap before
{Heap before GC invocations=61 (full 0):
 garbage-first heap   total 460800K, used 377522K [0x0000000740000000, 0x0000000800000000)
  region size 2048K, 57 young (116736K), 8 survivors (16384K)
 Metaspace       used 133371K, committed 134592K, reserved 1171456K
  class space    used 17588K, committed 18240K, reserved 1048576K
}
Event: 115.445 GC heap after
{Heap after GC invocations=62 (full 0):
 garbage-first heap   total 460800K, used 260681K [0x0000000740000000, 0x0000000800000000)
  region size 2048K, 3 young (6144K), 3 survivors (6144K)
 Metaspace       used 133371K, committed 134592K, reserved 1171456K
  class space    used 17588K, committed 18240K, reserved 1048576K
}
Event: 116.075 GC heap before
{Heap before GC invocations=62 (full 0):
 garbage-first heap   total 460800K, used 275017K [0x0000000740000000, 0x0000000800000000)
  region size 2048K, 11 young (22528K), 3 survivors (6144K)
 Metaspace       used 133801K, committed 135104K, reserved 1171456K
  class space    used 17625K, committed 18304K, reserved 1048576K
}
Event: 116.099 GC heap after
{Heap after GC invocations=63 (full 0):
 garbage-first heap   total 460800K, used 247339K [0x0000000740000000, 0x0000000800000000)
  region size 2048K, 1 young (2048K), 1 survivors (2048K)
 Metaspace       used 133801K, committed 135104K, reserved 1171456K
  class space    used 17625K, committed 18304K, reserved 1048576K
}
Event: 134.778 GC heap before
{Heap before GC invocations=63 (full 0):
 garbage-first heap   total 460800K, used 374315K [0x0000000740000000, 0x0000000800000000)
  region size 2048K, 64 young (131072K), 1 survivors (2048K)
 Metaspace       used 143811K, committed 145152K, reserved 1179648K
  class space    used 18967K, committed 19648K, reserved 1048576K
}
Event: 134.798 GC heap after
{Heap after GC invocations=64 (full 0):
 garbage-first heap   total 460800K, used 253986K [0x0000000740000000, 0x0000000800000000)
  region size 2048K, 4 young (8192K), 4 survivors (8192K)
 Metaspace       used 143811K, committed 145152K, reserved 1179648K
  class space    used 18967K, committed 19648K, reserved 1048576K
}
Event: 137.369 GC heap before
{Heap before GC invocations=65 (full 0):
 garbage-first heap   total 475136K, used 376866K [0x0000000740000000, 0x0000000800000000)
  region size 2048K, 65 young (133120K), 4 survivors (8192K)
 Metaspace       used 150541K, committed 151936K, reserved 1187840K
  class space    used 19629K, committed 20352K, reserved 1048576K
}
Event: 137.556 GC heap after
{Heap after GC invocations=66 (full 0):
 garbage-first heap   total 475136K, used 329040K [0x0000000740000000, 0x0000000800000000)
  region size 2048K, 9 young (18432K), 9 survivors (18432K)
 Metaspace       used 150541K, committed 151936K, reserved 1187840K
  class space    used 19629K, committed 20352K, reserved 1048576K
}
Event: 137.588 GC heap before
{Heap before GC invocations=66 (full 0):
 garbage-first heap   total 475136K, used 333136K [0x0000000740000000, 0x0000000800000000)
  region size 2048K, 11 young (22528K), 9 survivors (18432K)
 Metaspace       used 150541K, committed 151936K, reserved 1187840K
  class space    used 19629K, committed 20352K, reserved 1048576K
}
Event: 137.674 GC heap after
{Heap after GC invocations=67 (full 0):
 garbage-first heap   total 475136K, used 329597K [0x0000000740000000, 0x0000000800000000)
  region size 2048K, 2 young (4096K), 2 survivors (4096K)
 Metaspace       used 150541K, committed 151936K, reserved 1187840K
  class space    used 19629K, committed 20352K, reserved 1048576K
}
Event: 138.410 GC heap before
{Heap before GC invocations=67 (full 0):
 garbage-first heap   total 475136K, used 374653K [0x0000000740000000, 0x0000000800000000)
  region size 2048K, 24 young (49152K), 2 survivors (4096K)
 Metaspace       used 150596K, committed 152000K, reserved 1187840K
  class space    used 19629K, committed 20352K, reserved 1048576K
}

